0 info it worked if it ends with ok
1 verbose cli [ 'C:\\Program Files\\nodejs\\node.exe',
1 verbose cli   'C:\\Program Files\\nodejs\\node_modules\\npm\\bin\\npm-cli.js',
1 verbose cli   'run',
1 verbose cli   'dev' ]
2 info using npm@3.10.8
3 info using node@v6.9.1
4 verbose run-script [ 'predev', 'dev', 'postdev' ]
5 info lifecycle cnode-vue2.0-spa@~predev: cnode-vue2.0-spa@
6 silly lifecycle cnode-vue2.0-spa@~predev: no script for predev, continuing
7 info lifecycle cnode-vue2.0-spa@~dev: cnode-vue2.0-spa@
8 verbose lifecycle cnode-vue2.0-spa@~dev: unsafe-perm in lifecycle true
9 verbose lifecycle cnode-vue2.0-spa@~dev: PATH: C:\Program Files\nodejs\node_modules\npm\bin\node-gyp-bin;C:\Users\41943\Desktop\Cnode-vue-spa-version2\node_modules\.bin;C:\Program Files (x86)\Razer Chroma SDK\bin;C:\Program Files\Razer Chroma SDK\bin;C:\Program Files (x86)\Intel\iCLS Client\;C:\Program Files\Intel\iCLS Client\;C:\Windows\system32;C:\Windows;C:\Windows\System32\Wbem;C:\Windows\System32\WindowsPowerShell\v1.0\;C:\Program Files (x86)\Intel\Intel(R) Management Engine Components\DAL;C:\Program Files\Intel\Intel(R) Management Engine Components\DAL;C:\Program Files (x86)\Intel\Intel(R) Management Engine Components\IPT;C:\Program Files\Intel\Intel(R) Management Engine Components\IPT;C:\Program Files (x86)\NVIDIA Corporation\PhysX\Common;C:\Program Files\TortoiseSVN\bin;C:\Python27;C:\Python27\Scripts;C:\Program Files\Redis\;C:\WINDOWS\system32;C:\WINDOWS;C:\WINDOWS\System32\Wbem;C:\WINDOWS\System32\WindowsPowerShell\v1.0\;C:\Program Files\Git\cmd;C:\Program Files\nodejs\;;%SystemRoot%\system32;%SystemRoot%;%SystemRoot%\System32\Wbem;%SYSTEMROOT%\System32\WindowsPowerShell\v1.0\;C:\Users\41943\AppData\Roaming\npm;%USERPROFILE%\AppData\Local\Microsoft\WindowsApps;
10 verbose lifecycle cnode-vue2.0-spa@~dev: CWD: C:\Users\41943\Desktop\Cnode-vue-spa-version2
11 silly lifecycle cnode-vue2.0-spa@~dev: Args: [ '/d /s /c',
11 silly lifecycle   'cross-env NODE_ENV=development webpack-dev-server --inline --hot' ]
12 silly lifecycle cnode-vue2.0-spa@~dev: Returned: code: 1  signal: null
13 info lifecycle cnode-vue2.0-spa@~dev: Failed to exec dev script
14 verbose stack Error: cnode-vue2.0-spa@ dev: `cross-env NODE_ENV=development webpack-dev-server --inline --hot`
14 verbose stack Exit status 1
14 verbose stack     at EventEmitter.<anonymous> (C:\Program Files\nodejs\node_modules\npm\lib\utils\lifecycle.js:255:16)
14 verbose stack     at emitTwo (events.js:106:13)
14 verbose stack     at EventEmitter.emit (events.js:191:7)
14 verbose stack     at ChildProcess.<anonymous> (C:\Program Files\nodejs\node_modules\npm\lib\utils\spawn.js:40:14)
14 verbose stack     at emitTwo (events.js:106:13)
14 verbose stack     at ChildProcess.emit (events.js:191:7)
14 verbose stack     at maybeClose (internal/child_process.js:877:16)
14 verbose stack     at Process.ChildProcess._handle.onexit (internal/child_process.js:226:5)
15 verbose pkgid cnode-vue2.0-spa@
16 verbose cwd C:\Users\41943\Desktop\Cnode-vue-spa-version2
17 error Windows_NT 10.0.14393
18 error argv "C:\\Program Files\\nodejs\\node.exe" "C:\\Program Files\\nodejs\\node_modules\\npm\\bin\\npm-cli.js" "run" "dev"
19 error node v6.9.1
20 error npm  v3.10.8
21 error code ELIFECYCLE
22 error cnode-vue2.0-spa@ dev: `cross-env NODE_ENV=development webpack-dev-server --inline --hot`
22 error Exit status 1
23 error Failed at the cnode-vue2.0-spa@ dev script 'cross-env NODE_ENV=development webpack-dev-server --inline --hot'.
23 error Make sure you have the latest version of node.js and npm installed.
23 error If you do, this is most likely a problem with the cnode-vue2.0-spa package,
23 error not with npm itself.
23 error Tell the author that this fails on your system:
23 error     cross-env NODE_ENV=development webpack-dev-server --inline --hot
23 error You can get information on how to open an issue for this project with:
23 error     npm bugs cnode-vue2.0-spa
23 error Or if that isn't available, you can get their info via:
23 error     npm owner ls cnode-vue2.0-spa
23 error There is likely additional logging output above.
24 verbose exit [ 1, true ]
